android/app/build/intermediates/manifest_merge_blame_file/debug/processDebugMainManifest/manifest-merger-blame-debug-report.txt
1<?xml version="1.0" encoding="utf-8"?>
2<manifest xmlns:android="http://schemas.android.com/apk/res/android"
3    package="app.samvara.shell"
4    android:versionCode="4"
5    android:versionName="1.3" >
6
7    <uses-sdk
8        android:minSdkVersion="26"
9        android:targetSdkVersion="35" />
10
11    <uses-permission android:name="android.permission.INTERNET" />
11-->src/main/AndroidManifest.xml:4:5-67
11-->src/main/AndroidManifest.xml:4:22-64
12    <!-- Required by JobScheduler for jobs with a connectivity constraint. -->
13    <uses-permission android:name="android.permission.ACCESS_NETWORK_STATE" />
13-->src/main/AndroidManifest.xml:6:5-79
13-->src/main/AndroidManifest.xml:6:22-76
14    <uses-permission android:name="android.permission.POST_NOTIFICATIONS" />
14-->src/main/AndroidManifest.xml:7:5-77
14-->src/main/AndroidManifest.xml:7:22-74
15    <!-- Lets the persisted deadline-poller job survive reboots. -->
16    <uses-permission android:name="android.permission.RECEIVE_BOOT_COMPLETED" />
16-->src/main/AndroidManifest.xml:9:5-81
16-->src/main/AndroidManifest.xml:9:22-78
17
18    <application
18-->src/main/AndroidManifest.xml:11:5-32:19
19        android:debuggable="true"
20        android:extractNativeLibs="false"
21        android:icon="@mipmap/ic_launcher"
21-->src/main/AndroidManifest.xml:13:9-43
22        android:label="@string/app_name"
22-->src/main/AndroidManifest.xml:12:9-41
23        android:supportsRtl="true"
23-->src/main/AndroidManifest.xml:15:9-35
24        android:theme="@android:style/Theme.DeviceDefault.NoActionBar" >
24-->src/main/AndroidManifest.xml:14:9-71
25        <activity
25-->src/main/AndroidManifest.xml:17:9-25:20
26            android:name="app.samvara.shell.MainActivity"
26-->src/main/AndroidManifest.xml:18:13-41
27            android:configChanges="orientation|screenSize|keyboardHidden"
27-->src/main/AndroidManifest.xml:20:13-74
28            android:exported="true" >
28-->src/main/AndroidManifest.xml:19:13-36
29            <intent-filter>
29-->src/main/AndroidManifest.xml:21:13-24:29
30                <action android:name="android.intent.action.MAIN" />
30-->src/main/AndroidManifest.xml:22:17-69
30-->src/main/AndroidManifest.xml:22:25-66
31
32                <category android:name="android.intent.category.LAUNCHER" />
32-->src/main/AndroidManifest.xml:23:17-77
32-->src/main/AndroidManifest.xml:23:27-74
33            </intent-filter>
34        </activity>
35
36        <service
36-->src/main/AndroidManifest.xml:27:9-30:72
37            android:name="app.samvara.shell.DeadlineJobService"
37-->src/main/AndroidManifest.xml:28:13-47
38            android:exported="false"
38-->src/main/AndroidManifest.xml:29:13-37
39            android:permission="android.permission.BIND_JOB_SERVICE" />
39-->src/main/AndroidManifest.xml:30:13-69
40    </application>
41
42</manifest>